{"/Users/deb/Documents/code-proof/github-actions-demo/src/utils/math.js": {"path":"/Users/deb/Documents/code-proof/github-actions-demo/src/utils/math.js","statementMap":{"0":{"start":{"line":2,"column":2},"end":{"line":2,"column":null}},"1":{"start":{"line":6,"column":2},"end":{"line":6,"column":null}},"2":{"start":{"line":10,"column":2},"end":{"line":12,"column":null}},"3":{"start":{"line":11,"column":4},"end":{"line":11,"column":null}},"4":{"start":{"line":13,"column":2},"end":{"line":13,"column":null}}},"fnMap":{"0":{"name":"add","decl":{"start":{"line":1,"column":16},"end":{"line":1,"column":20}},"loc":{"start":{"line":1,"column":26},"end":{"line":3,"column":null}},"line":1},"1":{"name":"subtract","decl":{"start":{"line":5,"column":16},"end":{"line":5,"column":25}},"loc":{"start":{"line":5,"column":31},"end":{"line":7,"column":null}},"line":5},"2":{"name":"divide","decl":{"start":{"line":9,"column":16},"end":{"line":9,"column":23}},"loc":{"start":{"line":9,"column":29},"end":{"line":14,"column":null}},"line":9}},"branchMap":{"0":{"loc":{"start":{"line":10,"column":2},"end":{"line":12,"column":null}},"type":"if","locations":[{"start":{"line":10,"column":2},"end":{"line":12,"column":null}},{"start":{},"end":{}}],"line":10}},"s":{"0":1,"1":1,"2":2,"3":1,"4":1},"f":{"0":1,"1":1,"2":2},"b":{"0":[1,1]},"meta":{"lastBranch":1,"lastFunction":3,"lastStatement":5,"seen":{"f:1:16:1:20":0,"s:2:2:2:Infinity":0,"f:5:16:5:25":1,"s:6:2:6:Infinity":1,"f:9:16:9:23":2,"b:10:2:12:Infinity:undefined:undefined:undefined:undefined":0,"s:10:2:12:Infinity":2,"s:11:4:11:Infinity":3,"s:13:2:13:Infinity":4},"fnNames":{}}}
}
